This is pdfTeX, Version 3.1415926-2.5-1.40.14 (MiKTeX 2.9) (preloaded format=pdflatex 2015.3.16)  20 APR 2015 08:52
entering extended mode
**Rapport.tex
(C:\Users\JB\Desktop\sy09\tp2\Rapport.tex
LaTeX2e <2011/06/27>
Babel <v3.8m> and hyphenation patterns for english, afrikaans, ancientgreek, ar
abic, armenian, assamese, basque, bengali, bokmal, bulgarian, catalan, coptic, 
croatian, czech, danish, dutch, esperanto, estonian, farsi, finnish, french, ga
lician, german, german-x-2013-05-26, greek, gujarati, hindi, hungarian, iceland
ic, indonesian, interlingua, irish, italian, kannada, kurmanji, latin, latvian,
 lithuanian, malayalam, marathi, mongolian, mongolianlmc, monogreek, ngerman, n
german-x-2013-05-26, nynorsk, oriya, panjabi, pinyin, polish, portuguese, roman
ian, russian, sanskrit, serbian, slovak, slovenian, spanish, swedish, swissgerm
an, tamil, telugu, turkish, turkmen, ukenglish, ukrainian, uppersorbian, usengl
ishmax, welsh, loaded.
("C:\Program Files (x86)\MiKTeX 2.9\tex\latex\base\article.cls"
Document Class: article 2007/10/19 v1.4h Standard LaTeX document class
("C:\Program Files (x86)\MiKTeX 2.9\tex\latex\base\size10.clo"
File: size10.clo 2007/10/19 v1.4h Standard LaTeX file (size option)
)
\c@part=\count79
\c@section=\count80
\c@subsection=\count81
\c@subsubsection=\count82
\c@paragraph=\count83
\c@subparagraph=\count84
\c@figure=\count85
\c@table=\count86
\abovecaptionskip=\skip41
\belowcaptionskip=\skip42
\bibindent=\dimen102
)
("C:\Program Files (x86)\MiKTeX 2.9\tex\latex\graphics\graphicx.sty"
Package: graphicx 1999/02/16 v1.0f Enhanced LaTeX Graphics (DPC,SPQR)

("C:\Program Files (x86)\MiKTeX 2.9\tex\latex\graphics\keyval.sty"
Package: keyval 1999/03/16 v1.13 key=value parser (DPC)
\KV@toks@=\toks14
)
("C:\Program Files (x86)\MiKTeX 2.9\tex\latex\graphics\graphics.sty"
Package: graphics 2009/02/05 v1.0o Standard LaTeX Graphics (DPC,SPQR)

("C:\Program Files (x86)\MiKTeX 2.9\tex\latex\graphics\trig.sty"
Package: trig 1999/03/16 v1.09 sin cos tan (DPC)
)
("C:\Program Files (x86)\MiKTeX 2.9\tex\latex\00miktex\graphics.cfg"
File: graphics.cfg 2007/01/18 v1.5 graphics configuration of teTeX/TeXLive
)
Package graphics Info: Driver file: pdftex.def on input line 91.

("C:\Program Files (x86)\MiKTeX 2.9\tex\latex\pdftex-def\pdftex.def"
File: pdftex.def 2011/05/27 v0.06d Graphics/color for pdfTeX

("C:\Program Files (x86)\MiKTeX 2.9\tex\generic\oberdiek\infwarerr.sty"
Package: infwarerr 2010/04/08 v1.3 Providing info/warning/error messages (HO)
)
("C:\Program Files (x86)\MiKTeX 2.9\tex\generic\oberdiek\ltxcmds.sty"
Package: ltxcmds 2011/11/09 v1.22 LaTeX kernel commands for general use (HO)
)
\Gread@gobject=\count87
))
\Gin@req@height=\dimen103
\Gin@req@width=\dimen104
)
("C:\Program Files (x86)\MiKTeX 2.9\tex\latex\graphics\color.sty"
Package: color 2005/11/14 v1.0j Standard LaTeX Color (DPC)

("C:\Program Files (x86)\MiKTeX 2.9\tex\latex\00miktex\color.cfg"
File: color.cfg 2007/01/18 v1.5 color configuration of teTeX/TeXLive
)
Package color Info: Driver file: pdftex.def on input line 130.
)
("C:\Program Files (x86)\MiKTeX 2.9\tex\latex\framed\framed.sty"
Package: framed 2011/10/22 v 0.96: framed or shaded text with page breaks
\OuterFrameSep=\skip43
\fb@frw=\dimen105
\fb@frh=\dimen106
\FrameRule=\dimen107
\FrameSep=\dimen108
)
("C:\Program Files (x86)\MiKTeX 2.9\tex\latex\base\alltt.sty"
Package: alltt 1997/06/16 v2.0g defines alltt environment
)
("C:\Program Files (x86)\MiKTeX 2.9\tex\latex\upquote\upquote.sty"
Package: upquote 2012/04/19 v1.3 upright-quote and grave-accent glyphs in verba
tim
)
(C:\Users\JB\Desktop\sy09\tp2\Rapport.aux)
LaTeX Font Info:    Checking defaults for OML/cmm/m/it on input line 52.
LaTeX Font Info:    ... okay on input line 52.
LaTeX Font Info:    Checking defaults for T1/cmr/m/n on input line 52.
LaTeX Font Info:    ... okay on input line 52.
LaTeX Font Info:    Checking defaults for OT1/cmr/m/n on input line 52.
LaTeX Font Info:    ... okay on input line 52.
LaTeX Font Info:    Checking defaults for OMS/cmsy/m/n on input line 52.
LaTeX Font Info:    ... okay on input line 52.
LaTeX Font Info:    Checking defaults for OMX/cmex/m/n on input line 52.
LaTeX Font Info:    ... okay on input line 52.
LaTeX Font Info:    Checking defaults for U/cmr/m/n on input line 52.
LaTeX Font Info:    ... okay on input line 52.

("C:\Program Files (x86)\MiKTeX 2.9\tex\context\base\supp-pdf.mkii"
[Loading MPS to PDF converter (version 2006.09.02).]
\scratchcounter=\count88
\scratchdimen=\dimen109
\scratchbox=\box26
\nofMPsegments=\count89
\nofMParguments=\count90
\everyMPshowfont=\toks15
\MPscratchCnt=\count91
\MPscratchDim=\dimen110
\MPnumerator=\count92
\makeMPintoPDFobject=\count93
\everyMPtoPDFconversion=\toks16
)
Missing character: There is no Ã in font cmtt10!
Missing character: There is no © in font cmtt10!
Missing character: There is no Ã in font cmtt10!
Missing character: There is no © in font cmtt10!
Missing character: There is no Ã in font cmtt10!
Missing character: There is no © in font cmtt10!
Missing character: There is no Ã in font cmtt10!
Missing character: There is no © in font cmtt10!
Missing character: There is no Ã in font cmtt10!
Missing character: There is no © in font cmtt10!
Missing character: There is no Ã in font cmtt10!
Missing character: There is no © in font cmtt10!

Overfull \hbox (752.24043pt too wide) in paragraph at lines 84--84
[]\OT1/cmtt/m/n/10 3. Pour vrifier si elle est dfinie semi-positive, il suffit 
de vrifier que les valeurs propres soient positives ce qui est le cas car on pe
ut considrer que -1.37*10^-17 et -2.45*10^-16 sont des valeurs nulles.[] 
 []

Missing character: There is no Ã in font cmtt10!
Missing character: There is no   in font cmtt10!
Missing character: There is no Ã in font cmtt10!
Missing character: There is no ¨ in font cmtt10!
Missing character: There is no Ã in font cmtt10!
Missing character: There is no © in font cmtt10!
Missing character: There is no Ã in font cmtt10!
Missing character: There is no   in font cmtt10!

Overfull \hbox (1.49698pt too wide) in paragraph at lines 97--97
[]\OT1/cmtt/m/n/10 qualit  calculer avec les valeurs propres b[,1]$eigen etc...
 / sum[] 
 []

Missing character: There is no Ã in font cmtt10!
Missing character: There is no ª in font cmtt10!
Missing character: There is no Ã in font cmtt10!
Missing character: There is no   in font cmtt10!
[1

{C:/ProgramData/MiKTeX/2.9/pdftex/config/pdftex.map}]
Missing character: There is no Ã in font cmtt10!
Missing character: There is no © in font cmtt10!

Overfull \hbox (38.24666pt too wide) in paragraph at lines 125--125
[]\OT1/cmtt/m/n/10 2 types diffrents : 143 ou 78.9 pour linertie des classes (
tot.withinss)[] 
 []

Missing character: There is no Ã in font cmtt10!
Missing character: There is no © in font cmtt10!
Missing character: There is no Ã in font cmtt10!
Missing character: There is no ¨ in font cmtt10!

Overfull \hbox (1030.488pt too wide) in paragraph at lines 125--125
[]\OT1/cmtt/m/n/10 La solution qui apparait en 3 classes nest pas flagrante av
ec le tableau des minimums des inerties. La mthode du coude ne fonctionne pas t
rs bien, elle ne fait pas apparaitre de coude. Le minimum dinertie de  fait qu
e diminuer en fonction du nombre de classes.[] 
 []

Missing character: There is no Ã in font cmtt10!
Missing character: There is no © in font cmtt10!
Missing character: There is no Ã in font cmtt10!
Missing character: There is no © in font cmtt10!

Overfull \hbox (221.99506pt too wide) in paragraph at lines 125--125
[]\OT1/cmtt/m/n/10 Une solution serait de pnaliser un grand nombre de classes p
ar le nombre dindividus prsents dans la classe.[] 
 []


Overfull \hbox (95.99615pt too wide) in paragraph at lines 142--142
[]\OT1/cmtt/m/n/10 tableau de contingence pour comparer les partitions table(re
s$cluster, res2$cluster)[] 
 []

[2] (C:\Users\JB\Desktop\sy09\tp2\Rapport.aux) ) 
Here is how much of TeX's memory you used:
 1246 strings out of 493921
 16769 string characters out of 3144885
 70078 words of memory out of 3000000
 4574 multiletter control sequences out of 15000+200000
 5018 words of font info for 19 fonts, out of 3000000 for 9000
 841 hyphenation exceptions out of 8191
 27i,5n,19p,285b,253s stack positions out of 5000i,500n,10000p,200000b,50000s
<C:/Program Files (x86)/MiKTeX 
2.9/fonts/type1/public/amsfonts/cm/cmbx12.pfb><C:/Program Files (x86)/MiKTeX 2.
9/fonts/type1/public/amsfonts/cm/cmr10.pfb><C:/Program Files (x86)/MiKTeX 2.9/f
onts/type1/public/amsfonts/cm/cmtt10.pfb>
Output written on Rapport.pdf (2 pages, 46978 bytes).
PDF statistics:
 21 PDF objects out of 1000 (max. 8388607)
 0 named destinations out of 1000 (max. 500000)
 1 words of extra memory for PDF output out of 10000 (max. 10000000)

